<?xml version="1.0" encoding="UTF-8"?>
<testsuites name="jest tests" tests="17" failures="0" errors="0" time="1.463">
  <testsuite name="useResponsive Hook" errors="0" failures="0" skipped="0" timestamp="2025-12-12T09:05:03" time="0.693" tests="17">
    <testcase classname="useResponsive Hook" name="should detect mobile device correctly" time="0.002">
    </testcase>
    <testcase classname="useResponsive Hook" name="should return correct breakpoint state" time="0">
    </testcase>
    <testcase classname="useResponsive Hook" name="should update on viewport resize" time="0.001">
    </testcase>
    <testcase classname="useResponsive Hook" name="should handle touch device detection" time="0.001">
    </testcase>
    <testcase classname="useExport Hook" name="should export data as PDF" time="0.001">
    </testcase>
    <testcase classname="useExport Hook" name="should export data as CSV" time="0">
    </testcase>
    <testcase classname="useExport Hook" name="should handle export errors" time="0">
    </testcase>
    <testcase classname="useExport Hook" name="should track loading state during export" time="0.001">
    </testcase>
    <testcase classname="useExport Hook" name="should validate email before sending" time="0">
    </testcase>
    <testcase classname="usePerformance Hook" name="should return performance metrics" time="0">
    </testcase>
    <testcase classname="usePerformance Hook" name="should calculate performance score correctly" time="0.001">
    </testcase>
    <testcase classname="usePerformance Hook" name="should track Core Web Vitals" time="0.001">
    </testcase>
    <testcase classname="usePerformance Hook" name="should provide rating based on score" time="0">
    </testcase>
    <testcase classname="usePerformance Hook" name="should handle metric collection errors gracefully" time="0">
    </testcase>
    <testcase classname="Utility Functions › formatNumber" name="should format numbers correctly" time="0.07">
    </testcase>
    <testcase classname="Utility Functions › isValidEmail" name="should validate email format" time="0.001">
    </testcase>
    <testcase classname="Utility Functions › formatDate" name="should handle date operations" time="0.01">
    </testcase>
  </testsuite>
</testsuites>